{"level":"info","message":"API corriendo en puerto 3000","timestamp":"2023-01-30T00:14:31.103Z"}
{"level":"error","message":"Error: No existen alumnos","timestamp":"2023-01-30T00:14:35.379Z"}
{"level":"error","message":"Error: TypeError: Cannot read properties of undefined (reading 'codigo')","timestamp":"2023-01-30T00:14:47.382Z"}
{"level":"info","message":"API corriendo en puerto 3000","timestamp":"2023-01-30T00:22:38.253Z"}
{"level":"error","message":"Error: TypeError: Cannot read properties of undefined (reading 'codigo')","timestamp":"2023-01-30T00:22:42.613Z"}
{"level":"info","message":"API corriendo en puerto 3000","timestamp":"2023-01-30T00:24:03.922Z"}
{"level":"info","message":"API corriendo en puerto 3000","timestamp":"2023-01-30T00:25:00.285Z"}
{"level":"info","message":"API corriendo en puerto 3000","timestamp":"2023-01-30T00:26:33.197Z"}
{"level":"debug","message":"Esto es una prueba al nivel debug!","timestamp":"2023-01-30T00:27:17.147Z"}
{"level":"warn","message":"Error: No existen alumnos","timestamp":"2023-01-30T00:27:22.104Z"}
{"level":"error","message":"Error: TypeError: Cannot read properties of undefined (reading 'codigo')","timestamp":"2023-01-30T00:27:27.758Z"}
{"level":"info","message":"API corriendo en puerto 3000","timestamp":"2023-01-30T00:32:10.472Z"}
{"level":"debug","message":"Esto es una prueba al nivel debug!","timestamp":"2023-01-30T00:32:17.019Z"}
{"level":"warn","message":"Error: No existen alumnos","timestamp":"2023-01-30T00:32:21.424Z"}
{"level":"error","message":"Error: TypeError: Cannot read properties of undefined (reading 'codigo')","timestamp":"2023-01-30T00:32:25.799Z"}
{"level":"info","message":"API corriendo en puerto 3000","timestamp":"2023-01-30T00:33:35.082Z"}
{"level":"error","message":"Error - TypeError: Cannot read properties of undefined (reading 'codigo')","timestamp":"2023-01-30T00:33:38.175Z"}
{"level":"info","message":"API corriendo en puerto 3000","timestamp":"2023-01-30T00:34:10.779Z"}
{"level":"error","message":"ErrorTypeError: Cannot read properties of undefined (reading 'codigo')","timestamp":"2023-01-30T00:34:13.413Z"}
{"level":"info","message":"API corriendo en puerto 3000","timestamp":"2023-01-30T00:34:26.653Z"}
{"level":"error","message":"Error - TypeError: Cannot read properties of undefined (reading 'codigo')","timestamp":"2023-01-30T00:34:28.136Z"}
